<?xml version="1.0" encoding="UTF-8"?>
<testng-results total="1" passed="1" failed="0" skipped="0">
  <reporter-output>
  </reporter-output>
  <suite started-at="2019-12-01T02:56:50Z" name="Default suite" finished-at="2019-12-01T02:56:57Z" duration-ms="7026">
    <groups>
    </groups>
    <test started-at="2019-12-01T02:56:50Z" name="Default test" finished-at="2019-12-01T02:56:57Z" duration-ms="7026">
      <class name="GoogleHomePageTitle">
        <test-method is-config="true" signature="systemSetup()[pri:0, instance:GoogleHomePageTitle@8e0379d]" started-at="2019-11-30T18:56:50Z" name="systemSetup" finished-at="2019-11-30T18:56:55Z" duration-ms="4795" status="PASS">
          <reporter-output>
          </reporter-output>
        </test-method> <!-- systemSetup -->
        <test-method signature="verifyGooglePageTitle()[pri:0, instance:GoogleHomePageTitle@8e0379d]" started-at="2019-11-30T18:56:55Z" name="verifyGooglePageTitle" finished-at="2019-11-30T18:56:55Z" duration-ms="16" status="PASS">
          <reporter-output>
          </reporter-output>
        </test-method> <!-- verifyGooglePageTitle -->
        <test-method is-config="true" signature="tearDown()[pri:0, instance:GoogleHomePageTitle@8e0379d]" started-at="2019-11-30T18:56:55Z" name="tearDown" finished-at="2019-11-30T18:56:57Z" duration-ms="2200" status="PASS">
          <reporter-output>
          </reporter-output>
        </test-method> <!-- tearDown -->
      </class> <!-- GoogleHomePageTitle -->
    </test> <!-- Default test -->
  </suite> <!-- Default suite -->
</testng-results>
